0 info it worked if it ends with ok
1 verbose cli [ '/home/bruce/.nvm/v0.10.38/bin/node',
1 verbose cli   '/home/bruce/.nvm/v0.10.38/bin/npm',
1 verbose cli   'run',
1 verbose cli   '_vscode_build' ]
2 info using npm@1.4.28
3 info using node@v0.10.38
4 verbose run-script [ 'pre_vscode_build', '_vscode_build', 'post_vscode_build' ]
5 info pre_vscode_build artemis@0.0.5
6 info _vscode_build artemis@0.0.5
7 verbose unsafe-perm in lifecycle true
8 info artemis@0.0.5 Failed to exec _vscode_build script
9 error artemis@0.0.5 _vscode_build: `tsc `
9 error Exit status 2
10 error Failed at the artemis@0.0.5 _vscode_build script.
10 error This is most likely a problem with the artemis package,
10 error not with npm itself.
10 error Tell the author that this fails on your system:
10 error     tsc
10 error You can get their info via:
10 error     npm owner ls artemis
10 error There is likely additional logging output above.
11 error System Linux 3.13.0-24-generic
12 error command "/home/bruce/.nvm/v0.10.38/bin/node" "/home/bruce/.nvm/v0.10.38/bin/npm" "run" "_vscode_build"
13 error cwd /home/bruce/Git/artemists
14 error node -v v0.10.38
15 error npm -v 1.4.28
16 error code ELIFECYCLE
17 verbose exit [ 1, true ]
